Arguments: 
  C:\Program Files\nodejs\node.exe C:\Users\gusta\AppData\Roaming\npm\node_modules\yarn\bin\yarn.js

PATH: 
  C:\Users\gusta\bin;C:\Program Files\Git\mingw64\bin;C:\Program Files\Git\usr\local\bin;C:\Program Files\Git\usr\bin;C:\Program Files\Git\usr\bin;C:\Program Files\Git\mingw64\bin;C:\Program Files\Git\usr\bin;C:\Users\gusta\bin;C:\Windows\system32;C:\Windows;C:\Windows\System32\Wbem;C:\Windows\System32\WindowsPowerShell\v1.0;C:\Windows\System32\OpenSSH;C:\Program Files\NVIDIA Corporation\NVIDIA NvDLISR;C:\Program Files (x86)\NVIDIA Corporation\PhysX\Common;C:\Program Files\nodejs;C:\Program Files\Git\cmd;C:\Program Files\Docker\Docker\resources\bin;C:\ProgramData\DockerDesktop\version-bin;C:\Users\gusta\AppData\Local\Microsoft\WindowsApps;C:\Users\gusta\AppData\Roaming\npm;C:\Users\gusta\AppData\Local\Programs\Microsoft VS Code\bin;C:\Users\gusta\AppData\Local\GitHubDesktop\bin;C:\Program Files\Git\usr\bin\vendor_perl;C:\Program Files\Git\usr\bin\core_perl

Yarn version: 
  1.22.18

Node version: 
  16.15.0

Platform: 
  win32 x64

Trace: 
  Error: EPERM: operation not permitted, unlink 'C:\Users\gusta\Documents\Projetos\rentx\node_modules\.bin\ts-node-dev'

npm manifest: 
  {
    "name": "rentalx",
    "version": "1.0.0",
    "main": "index.js",
    "license": "MIT",
    "scripts": {
      "dev": "ts-node-dev -r tsconfig-paths/register --inspect --transpile-only --ignore-watch node_modules --respawn src/shared/infra/http/server.ts",
      "typeorm": "ts-node-dev -r tsconfig-paths/register ./node_modules/typeorm/cli",
      "test": "set NODE_ENV=test && jest --runInBand --detectOpenHandles",
      "seed:admin": "ts-node-dev src/shared/infra/typeorm/seed/admin.ts"
    },
    "dependencies": {
      "bcryptjs": "^2.4.3",
      "csv-parse": "^4.16.3",
      "dayjs": "^1.11.1",
      "dotenv": "^16.0.1",
      "express": "^4.17.1",
      "express-async-errors": "^3.1.1",
      "jsonwebtoken": "^8.5.1",
      "multer": "^1.4.3",
      "pg": "^8.7.3",
      "reflect-metadata": "^0.1.13",
      "supertest": "^6.2.3",
      "swagger-ui-express": "^4.1.6",
      "tsyringe": "^4.6.0",
      "typeorm": "^0.2.38",
      "uuid": "^8.3.2"
    },
    "devDependencies": {
      "@types/bcryptjs": "^2.4.2",
      "@types/express": "^4.17.13",
      "@types/jest": "^27.0.2",
      "@types/jsonwebtoken": "^8.5.5",
      "@types/multer": "^1.4.7",
      "@types/supertest": "^2.0.12",
      "@types/swagger-ui-express": "^4.1.3",
      "@types/uuid": "^8.3.1",
      "@typescript-eslint/eslint-plugin": "^4.31.2",
      "@typescript-eslint/parser": "^4.31.2",
      "eslint": "7.32.0",
      "eslint-config-airbnb-base": "14.2.1",
      "eslint-config-prettier": "8.3.0",
      "eslint-import-resolver-typescript": "2.5.0",
      "eslint-plugin-import": "2.22.1",
      "eslint-plugin-import-helpers": "1.1.0",
      "eslint-plugin-prettier": "4.0.0",
      "jest": "^27.3.1",
      "prettier": "^2.4.1",
      "ts-jest": "^27.0.7",
      "ts-node-dev": "^1.1.8",
      "typescript": "4.4.3"
    }
  }

yarn manifest: 
  No manifest

Lockfile: 
  No lockfile
